<?xml version="1.0" encoding="UTF-8"?>
<!-- Generated by org.testng.reporters.JUnitReportReporter -->
<testsuite hostname="DESKTOP-PR979V6" failures="0" tests="1" name="testNG.TestNGannotations" time="29.458" errors="0" timestamp="2022-02-20T14:09:42 IST" skipped="0">
  <testcase classname="testNG.TestNGannotations" name="test1" time="29.458"/>
  <system-out/>
</testsuite> <!-- testNG.TestNGannotations -->
