<?xml version="1.0" encoding="UTF-8"?>
<!-- Generated by org.testng.reporters.JUnitReportReporter -->
<testsuite hostname="DESKTOP-PR979V6" failures="0" tests="1" name="testNG.VerifyErrorMessage" time="25.604" errors="0" timestamp="2022-02-23T12:49:55 IST" skipped="0">
  <testcase classname="testNG.VerifyErrorMessage" name="testmsg" time="25.604"/>
  <system-out/>
</testsuite> <!-- testNG.VerifyErrorMessage -->
