<?xml version="1.0" encoding="UTF-8"?>
<!-- Generated by org.testng.reporters.JUnitReportReporter -->
<testsuite hostname="DESKTOP-PR979V6" failures="0" tests="2" name="testNG.TestNGfeatures" time="98.791" errors="0" timestamp="2022-02-20T13:09:04 IST" skipped="0">
  <testcase classname="testNG.TestNGfeatures" name="test" time="82.619"/>
  <system-out/>
  <testcase classname="testNG.TestNGfeatures" name="test1" time="16.172"/>
  <system-out/>
</testsuite> <!-- testNG.TestNGfeatures -->
