<?xml version="1.0" encoding="UTF-8"?>
<!-- Generated by org.testng.reporters.JUnitReportReporter -->
<testsuite hostname="DESKTOP-PR979V6" failures="0" tests="2" name="com.qa.restasurred.GETcall" time="7.812" errors="0" timestamp="2022-03-30T14:42:35 IST" skipped="0">
  <testcase classname="com.qa.restasurred.GETcall" name="TestBody" time="7.192"/>
  <system-out/>
  <testcase classname="com.qa.restasurred.GETcall" name="TestResponseCode" time="0.620"/>
  <system-out/>
</testsuite> <!-- com.qa.restasurred.GETcall -->
