<?xml version="1.0" encoding="UTF-8"?>
<!-- Generated by org.testng.reporters.JUnitReportReporter -->
<testsuite hostname="DESKTOP-PR979V6" failures="0" tests="3" name="testNG.TestNGbasics" time="0.009" errors="0" timestamp="2022-02-27T15:39:57 IST" skipped="0">
  <testcase classname="testNG.TestNGbasics" name="test1" time="0.004"/>
  <system-out/>
  <testcase classname="testNG.TestNGbasics" name="test2" time="0.003"/>
  <system-out/>
  <testcase classname="testNG.TestNGbasics" name="test" time="0.002"/>
  <system-out/>
</testsuite> <!-- testNG.TestNGbasics -->
