<?xml version="1.0" encoding="UTF-8"?>
<!-- Generated by org.testng.reporters.JUnitReportReporter -->
<testsuite hostname="DESKTOP-PR979V6" failures="0" tests="1" name="dropdownhandle.DDbySelect" time="29.589" errors="0" timestamp="2022-02-27T12:52:25 IST" skipped="0">
  <testcase classname="dropdownhandle.DDbySelect" name="DDselection" time="29.589"/>
  <system-out/>
</testsuite> <!-- dropdownhandle.DDbySelect -->
