<?xml version="1.0" encoding="UTF-8"?>
<!-- Generated by org.testng.reporters.JUnitReportReporter -->
<testsuite hostname="DESKTOP-PR979V6" failures="0" tests="1" name="testNG.VerifyErrorMessage" time="27.859" errors="0" timestamp="2022-02-27T15:41:33 IST" skipped="0">
  <testcase classname="testNG.VerifyErrorMessage" name="testmsg" time="27.859"/>
  <system-out/>
</testsuite> <!-- testNG.VerifyErrorMessage -->
