<?xml version="1.0" encoding="UTF-8"?>
<!-- Generated by org.testng.reporters.JUnitReportReporter -->
<testsuite hostname="DESKTOP-PR979V6" failures="0" tests="3" name="testNG.TestNGfeatures" time="9.852" errors="0" timestamp="2022-02-27T17:32:45 IST" skipped="0">
  <testcase classname="testNG.TestNGfeatures" name="launchapp" time="7.639"/>
  <system-out/>
  <testcase classname="testNG.TestNGfeatures" name="test" time="0.073"/>
  <system-out/>
  <testcase classname="testNG.TestNGfeatures" name="test1" time="2.140"/>
  <system-out/>
</testsuite> <!-- testNG.TestNGfeatures -->
