<?xml version="1.0" encoding="UTF-8"?>
<!-- Generated by org.testng.reporters.JUnitReportReporter -->
<testsuite hostname="DESKTOP-PR979V6" failures="0" tests="2" name="testNG.TestNGannotations" time="22.369" errors="0" timestamp="2022-03-03T13:03:04 IST" skipped="0">
  <testcase classname="testNG.TestNGannotations" name="launchapp" time="3.926"/>
  <system-out/>
  <testcase classname="testNG.TestNGannotations" name="login" time="18.443"/>
  <system-out/>
</testsuite> <!-- testNG.TestNGannotations -->
